<?xml version="1.0" encoding="UTF-8"?>
<!-- Generated by org.testng.reporters.JUnitReportReporter -->
<testsuite skipped="0" hostname="IT64" name="TestHelloworld" tests="2" failures="0" timestamp="2022-06-22T16:13:03 IST" time="49.057" errors="0">
  <testcase name="testhelloworld2" time="49.054" classname="TestHelloworld"/>
  <system-out/>
  <testcase name="testhelloworld" time="0.003" classname="TestHelloworld"/>
  <system-out/>
</testsuite> <!-- TestHelloworld -->
